build/app/outputs/mapping/release/seeds.txt
com.ybservice.tmp.MainActivity
com.ybservice.tmp.MainActivity: MainActivity()
...
com.google.android.gms.internal.firebase-auth-api.zzalk: java.lang.Object zza(java.lang.Object)
androidx.appcompat.widget.ActionBarOverlayLayout: void setUiOptions(int)
com.onesignal.common.AndroidUtils: AndroidUtils()
com.google.android.gms.internal.firebase-auth-api.zzafu: java.lang.String zza()
com.onesignal.core.internal.background.impl.BackgroundManager$Companion: BackgroundManager$Companion()
com.onesignal.user.internal.operations.LoginUserOperation: java.lang.String getAppId()
androidx.appcompat.widget.LinearLayoutCompat: int getShowDividers()
com.onesignal.core.internal.config.ConfigModel: org.json.JSONArray getNotificationChannels()
io.flutter.plugins.firebase.core.FlutterFirebasePluginRegistry: void lambda$getPluginConstantsForFirebaseApp$0(com.google.firebase.FirebaseApp,com.google.android.gms.tasks.TaskCompletionSource)
io.flutter.embedding.engine.renderer.FlutterRenderer$ImageReaderSurfaceProducer: void finalize()
com.onesignal.inAppMessages.internal.InAppMessage: java.util.Date parseEndTimeJson(org.json.JSONObject)
com.google.android.gms.internal.auth-api-phone.zzz: void zzb(com.google.android.gms.common.api.Status)
com.google.android.gms.internal.firebase-auth-api.zzkz: com.google.android.gms.internal.firebase-auth-api.zzud zzb(com.google.android.gms.internal.firebase-auth-api.zzjp)
com.onesignal.location.internal.permissions.ILocationPermissionChangedHandler: void onLocationPermissionChanged(boolean)
com.onesignal.inAppMessages.internal.InAppMessagesManager$paused$1: java.lang.Object invokeSuspend(java.lang.Object)
com.google.android.gms.internal.firebase-auth-api.zzahh: java.lang.String zza()
com.google.android.gms.internal.firebase-auth-api.zzuu: int zza()
com.google.android.gms.internal.firebase-auth-api.zzajg: int zzd(int,long)
androidx.core.graphics.drawable.IconCompat$Api28Impl: int getType(java.lang.Object)
com.onesignal.inAppMessages.internal.display.impl.InAppMessageView: void access$cleanupViewsAfterDismiss(com.onesignal.inAppMessages.internal.display.impl.InAppMessageView)
com.google.android.gms.internal.firebase-auth-api.zzov: zzov(com.google.android.gms.internal.firebase-auth-api.zzou,com.google.android.gms.internal.firebase-auth-api.zzow)
com.google.android.gms.internal.auth-api.zbe: zbe(android.content.Context,android.os.Looper,com.google.android.gms.common.internal.ClientSettings,com.google.android.gms.auth.api.zbd,com.google.android.gms.common.api.GoogleApiClient$ConnectionCallbacks,com.google.android.gms.common.api.GoogleApiClient$OnConnectionFailedListener)
com.google.android.gms.internal.firebase-auth-api.zzhy: com.google.android.gms.internal.firebase-auth-api.zzpj zza(com.google.android.gms.internal.firebase-auth-api.zzch)
com.onesignal.user.internal.operations.CreateSubscriptionOperation: java.lang.String getSubscriptionId()
com.onesignal.inAppMessages.internal.display.impl.InAppMessageView: android.view.animation.Animation$AnimationListener createAnimationListener(androidx.cardview.widget.CardView)
com.google.android.gms.internal.firebase-auth-api.zzagr: zzagr()
com.onesignal.core.internal.config.ConfigModel: void setConsentGiven(java.lang.Boolean)
com.google.android.gms.internal.firebase-auth-api.zzpr: boolean zza(byte[],byte[])
com.onesignal.notifications.internal.restoration.impl.NotificationRestoreProcessor: java.util.List getVisibleNotifications()
com.onesignal.core.internal.config.ConfigModel: void setReceiveReceiptEnabled(boolean)
com.google.android.gms.internal.firebase-auth-api.zzw: zzw()
com.google.android.recaptcha.internal.zzop: long zzf()
com.google.android.gms.internal.auth.zzhh: zzhh(sun.misc.Unsafe)
com.onesignal.common.DeviceUtils: boolean isKeyboardUp(java.lang.ref.WeakReference)
com.google.android.recaptcha.internal.zziu: byte zza(int)
com.google.android.gms.internal.firebase-auth-api.zzav: com.google.android.gms.internal.firebase-auth-api.zzal zzg()
com.onesignal.session.internal.influence.InfluenceChannel: InfluenceChannel(java.lang.String,int,java.lang.String)