build/app/outputs/mapping/release/usage.txt
com.ybservice.tmp.BuildConfig
com.ybservice.tmp.R$anim
com.ybservice.tmp.R$animator
com.ybservice.tmp.R$attr
com.ybservice.tmp.R$bool
com.ybservice.tmp.R$color
com.ybservice.tmp.R$dimen
com.ybservice.tmp.R$drawable
com.ybservice.tmp.R$id
com.ybservice.tmp.R$integer
com.ybservice.tmp.R$interpolator
com.ybservice.tmp.R$layout
com.ybservice.tmp.R$mipmap
com.ybservice.tmp.R$raw
com.ybservice.tmp.R$string
com.ybservice.tmp.R$style
com.ybservice.tmp.R$styleable
com.ybservice.tmp.R$xml
com.ybservice.tmp.R
...
kotlin.coroutines.jvm.internal.RestrictedSuspendLambda:
    public void <init>(int)
kotlin.coroutines.jvm.internal.RunSuspend
kotlin.coroutines.jvm.internal.RunSuspendKt
kotlin.coroutines.jvm.internal.SuspendFunction
kotlin.coroutines.jvm.internal.SuspendLambda:
    public void <init>(int)
kotlin.enums.EnumEntriesJVMKt
kotlin.enums.EnumEntriesKt:
    public static final synthetic kotlin.enums.EnumEntries enumEntries()
    public static final kotlin.enums.EnumEntries enumEntries(kotlin.jvm.functions.Function0)
kotlin.enums.EnumEntriesList:
    private final java.lang.Object writeReplace()
kotlin.enums.EnumEntriesSerializationProxy$Companion
kotlin.enums.EnumEntriesSerializationProxy
kotlin.experimental.BitwiseOperationsKt
kotlin.experimental.ExperimentalNativeApi
kotlin.experimental.ExperimentalObjCName
kotlin.experimental.ExperimentalObjCRefinement
kotlin.experimental.ExperimentalTypeInference
kotlin.internal.AccessibleLateinitPropertyLiteral
kotlin.internal.ContractsDsl
kotlin.internal.DynamicExtension
kotlin.internal.Exact
kotlin.internal.HidesMembers
kotlin.internal.InlineOnly
kotlin.internal.IntrinsicConstEvaluation
kotlin.internal.LowPriorityInOverloadResolution
kotlin.internal.NoInfer
kotlin.internal.OnlyInputTypes
kotlin.internal.PlatformDependent
kotlin.internal.PlatformImplementations:
    public kotlin.text.MatchGroup getMatchResultNamedGroup(java.util.regex.MatchResult,java.lang.String)
    public java.util.List getSuppressed(java.lang.Throwable)
kotlin.internal.PlatformImplementationsKt:
    public static final boolean apiVersionIsAtLeast(int,int,int)
    private static final synthetic java.lang.Object castToBaseType(java.lang.Object)
kotlin.internal.PureReifiable
kotlin.internal.RequireKotlin$Container
kotlin.internal.RequireKotlin
kotlin.internal.RequireKotlinVersionKind
kotlin.internal.UProgressionUtilKt
kotlin.internal.jdk7.JDK7PlatformImplementations:
    public java.util.List getSuppressed(java.lang.Throwable)
kotlin.internal.jdk8.JDK8PlatformImplementations:
    public kotlin.text.MatchGroup getMatchResultNamedGroup(java.util.regex.MatchResult,java.lang.String)
kotlin.io.AccessDeniedException
kotlin.io.ByteStreamsKt$iterator$1
kotlin.io.ByteStreamsKt:
    private static final java.io.BufferedInputStream buffered(java.io.InputStream,int)
    private static final java.io.BufferedOutputStream buffered(java.io.OutputStream,int)
    static synthetic java.io.BufferedInputStream buffered$default(java.io.InputStream,int,int,java.lang.Object)
    static synthetic java.io.BufferedOutputStream buffered$default(java.io.OutputStream,int,int,java.lang.Object)
    private static final java.io.BufferedReader bufferedReader(java.io.InputStream,java.nio.charset.Charset)
    static synthetic java.io.BufferedReader bufferedReader$default(java.io.InputStream,java.nio.charset.Charset,int,java.lang.Object)
    private static final java.io.BufferedWriter bufferedWriter(java.io.OutputStream,java.nio.charset.Charset)
    static synthetic java.io.BufferedWriter bufferedWriter$default(java.io.OutputStream,java.nio.charset.Charset,int,java.lang.Object)
    private static final java.io.ByteArrayInputStream byteInputStream(java.lang.String,java.nio.charset.Charset)
    static synthetic java.io.ByteArrayInputStream byteInputStream$default(java.lang.String,java.nio.charset.Charset,int,java.lang.Object)
    private static final java.io.ByteArrayInputStream inputStream(byte[])
    private static final java.io.ByteArrayInputStream inputStream(byte[],int,int)
    public static final kotlin.collections.ByteIterator iterator(java.io.BufferedInputStream)
    public static final byte[] readBytes(java.io.InputStream,int)
kotlin.io.CloseableKt:
    private static final java.lang.Object use(java.io.Closeable,kotlin.jvm.functions.Function1)
kotlin.io.ConsoleKt
kotlin.io.ConstantsKt
kotlin.io.ExceptionsKt
kotlin.io.FileAlreadyExistsException
kotlin.io.FilePathComponents
kotlin.io.FileSystemException
kotlin.io.FileTreeWalk$DirectoryState